<?xml version="1.0" encoding="UTF-8"?>
<!-- Generated by org.testng.reporters.JUnitReportReporter -->
<testsuite hostname="CHETUIWK1311" failures="0" tests="3" name="com.test.TestNGBasics" time="0.011" errors="0" timestamp="2022-04-25T23:34:35 IST" skipped="0">
  <testcase classname="com.test.TestNGBasics" name="googleTitleTest" time="0.004"/>
  <system-out/>
  <testcase classname="com.test.TestNGBasics" name="searchTest" time="0.005"/>
  <system-out/>
  <testcase classname="com.test.TestNGBasics" name="googleLogotest" time="0.002"/>
  <system-out/>
</testsuite> <!-- com.test.TestNGBasics -->
