<?xml version="1.0" encoding="UTF-8"?>
<!-- Generated by org.testng.reporters.JUnitReportReporter -->
<testsuite hostname="CHETUIWK1311" failures="0" tests="10" name="com.test.InvocationCountTest" time="0.032" errors="0" timestamp="2022-04-25T23:34:35 IST" skipped="0">
  <testcase classname="com.test.InvocationCountTest" name="Sum" time="0.002"/>
  <system-out/>
  <testcase classname="com.test.InvocationCountTest" name="Sum" time="0.004"/>
  <system-out/>
  <testcase classname="com.test.InvocationCountTest" name="Sum" time="0.003"/>
  <system-out/>
  <testcase classname="com.test.InvocationCountTest" name="Sum" time="0.004"/>
  <system-out/>
  <testcase classname="com.test.InvocationCountTest" name="Sum" time="0.001"/>
  <system-out/>
  <testcase classname="com.test.InvocationCountTest" name="Sum" time="0.001"/>
  <system-out/>
  <testcase classname="com.test.InvocationCountTest" name="Sum" time="0.007"/>
  <system-out/>
  <testcase classname="com.test.InvocationCountTest" name="Sum" time="0.004"/>
  <system-out/>
  <testcase classname="com.test.InvocationCountTest" name="Sum" time="0.003"/>
  <system-out/>
  <testcase classname="com.test.InvocationCountTest" name="Sum" time="0.003"/>
  <system-out/>
</testsuite> <!-- com.test.InvocationCountTest -->
