<?xml version="1.0" encoding="UTF-8"?>
<!-- Generated by org.testng.reporters.JUnitReportReporter -->
<testsuite hostname="CHETUIWK1311" failures="0" tests="1" name="com.test.ExceptionTimeOutTest" time="0.015" errors="0" timestamp="2022-04-25T23:34:35 IST" skipped="0">
  <testcase classname="com.test.ExceptionTimeOutTest" name="test1" time="0.015"/>
  <system-out/>
</testsuite> <!-- com.test.ExceptionTimeOutTest -->
